<?xml version="1.0" encoding="UTF-8"?>
<testsuite xmlns:xsi="http://www.w3.org/2001/XMLSchema-instance" xsi:noNamespaceSchemaLocation="https://maven.apache.org/surefire/maven-surefire-plugin/xsd/surefire-test-report.xsd" name="g55870.luckynumbers.model.GameTest" time="0.246" tests="43" errors="0" skipped="0" failures="0">
  <properties>
    <property name="java.specification.version" value="16"/>
    <property name="sun.cpu.isalist" value="amd64"/>
    <property name="sun.jnu.encoding" value="Cp1252"/>
    <property name="java.class.path" value="C:\Users\Media\Desktop\lucky-numbers-55870\NetBeansProjects\g55870.luckynumbers\target\test-classes;C:\Users\Media\Desktop\lucky-numbers-55870\NetBeansProjects\g55870.luckynumbers\target\classes;C:\Users\Media\.m2\repository\org\junit\jupiter\junit-jupiter-api\5.6.0\junit-jupiter-api-5.6.0.jar;C:\Users\Media\.m2\repository\org\apiguardian\apiguardian-api\1.1.0\apiguardian-api-1.1.0.jar;C:\Users\Media\.m2\repository\org\opentest4j\opentest4j\1.2.0\opentest4j-1.2.0.jar;C:\Users\Media\.m2\repository\org\junit\platform\junit-platform-commons\1.6.0\junit-platform-commons-1.6.0.jar;C:\Users\Media\.m2\repository\org\junit\jupiter\junit-jupiter-params\5.6.0\junit-jupiter-params-5.6.0.jar;C:\Users\Media\.m2\repository\org\junit\jupiter\junit-jupiter-engine\5.6.0\junit-jupiter-engine-5.6.0.jar;C:\Users\Media\.m2\repository\org\junit\platform\junit-platform-engine\1.6.0\junit-platform-engine-1.6.0.jar;C:\Users\Media\.m2\repository\be\he2b\be\pbt\evaluation\stib\LinesUtil\1.0\LinesUtil-1.0.jar;C:\Users\Media\.m2\repository\junit\junit\4.12\junit-4.12.jar;C:\Users\Media\.m2\repository\org\hamcrest\hamcrest-core\1.3\hamcrest-core-1.3.jar;"/>
    <property name="java.vm.vendor" value="Oracle Corporation"/>
    <property name="sun.arch.data.model" value="64"/>
    <property name="user.variant" value=""/>
    <property name="java.vendor.url" value="https://java.oracle.com/"/>
    <property name="user.timezone" value="Europe/Brussels"/>
    <property name="os.name" value="Windows 10"/>
    <property name="java.vm.specification.version" value="16"/>
    <property name="user.country" value="BE"/>
    <property name="sun.java.launcher" value="SUN_STANDARD"/>
    <property name="sun.boot.library.path" value="C:\Program Files\Java\jdk-16\bin"/>
    <property name="sun.java.command" value="C:\Users\Media\AppData\Local\Temp\surefire7075331621329131259\surefirebooter2499837039199389871.jar C:\Users\Media\AppData\Local\Temp\surefire7075331621329131259 2021-05-10T01-40-58_319-jvmRun1 surefire7942411867685781774tmp surefire_08727630494790284627tmp"/>
    <property name="jdk.debug" value="release"/>
    <property name="test" value="g55870.luckynumbers.model.GameTest"/>
    <property name="surefire.test.class.path" value="C:\Users\Media\Desktop\lucky-numbers-55870\NetBeansProjects\g55870.luckynumbers\target\test-classes;C:\Users\Media\Desktop\lucky-numbers-55870\NetBeansProjects\g55870.luckynumbers\target\classes;C:\Users\Media\.m2\repository\org\junit\jupiter\junit-jupiter-api\5.6.0\junit-jupiter-api-5.6.0.jar;C:\Users\Media\.m2\repository\org\apiguardian\apiguardian-api\1.1.0\apiguardian-api-1.1.0.jar;C:\Users\Media\.m2\repository\org\opentest4j\opentest4j\1.2.0\opentest4j-1.2.0.jar;C:\Users\Media\.m2\repository\org\junit\platform\junit-platform-commons\1.6.0\junit-platform-commons-1.6.0.jar;C:\Users\Media\.m2\repository\org\junit\jupiter\junit-jupiter-params\5.6.0\junit-jupiter-params-5.6.0.jar;C:\Users\Media\.m2\repository\org\junit\jupiter\junit-jupiter-engine\5.6.0\junit-jupiter-engine-5.6.0.jar;C:\Users\Media\.m2\repository\org\junit\platform\junit-platform-engine\1.6.0\junit-platform-engine-1.6.0.jar;C:\Users\Media\.m2\repository\be\he2b\be\pbt\evaluation\stib\LinesUtil\1.0\LinesUtil-1.0.jar;C:\Users\Media\.m2\repository\junit\junit\4.12\junit-4.12.jar;C:\Users\Media\.m2\repository\org\hamcrest\hamcrest-core\1.3\hamcrest-core-1.3.jar;"/>
    <property name="sun.cpu.endian" value="little"/>
    <property name="user.home" value="C:\Users\Media"/>
    <property name="user.language" value="fr"/>
    <property name="java.specification.vendor" value="Oracle Corporation"/>
    <property name="java.version.date" value="2021-03-16"/>
    <property name="java.home" value="C:\Program Files\Java\jdk-16"/>
    <property name="file.separator" value="\"/>
    <property name="basedir" value="C:\Users\Media\Desktop\lucky-numbers-55870\NetBeansProjects\g55870.luckynumbers"/>
    <property name="java.vm.compressedOopsMode" value="32-bit"/>
    <property name="line.separator" value="&#10;"/>
    <property name="java.vm.specification.vendor" value="Oracle Corporation"/>
    <property name="java.specification.name" value="Java Platform API Specification"/>
    <property name="surefire.real.class.path" value="C:\Users\Media\AppData\Local\Temp\surefire7075331621329131259\surefirebooter2499837039199389871.jar"/>
    <property name="user.script" value=""/>
    <property name="sun.management.compiler" value="HotSpot 64-Bit Tiered Compilers"/>
    <property name="java.runtime.version" value="16+36-2231"/>
    <property name="user.name" value="Media"/>
    <property name="path.separator" value=";"/>
    <property name="os.version" value="10.0"/>
    <property name="java.runtime.name" value="Java(TM) SE Runtime Environment"/>
    <property name="file.encoding" value="UTF-8"/>
    <property name="java.vm.name" value="Java HotSpot(TM) 64-Bit Server VM"/>
    <property name="maven.ext.class.path" value="C:\Program Files\NetBeans-12.3\netbeans\java\maven-nblib\netbeans-eventspy.jar"/>
    <property name="localRepository" value="C:\Users\Media\.m2\repository"/>
    <property name="java.vendor.url.bug" value="https://bugreport.java.com/bugreport/"/>
    <property name="java.io.tmpdir" value="C:\Users\Media\AppData\Local\Temp\"/>
    <property name="java.version" value="16"/>
    <property name="user.dir" value="C:\Users\Media\Desktop\lucky-numbers-55870\NetBeansProjects\g55870.luckynumbers"/>
    <property name="os.arch" value="amd64"/>
    <property name="java.vm.specification.name" value="Java Virtual Machine Specification"/>
    <property name="sun.os.patch.level" value=""/>
    <property name="java.library.path" value="C:\Program Files\Java\jdk-16\bin;C:\WINDOWS\Sun\Java\bin;C:\WINDOWS\system32;C:\WINDOWS;C:\Program Files\Common Files\Oracle\Java\javapath;D:\bin\;C:\ProgramData\Oracle\Java\javapath;C:\Program Files (x86)\Common Files\Oracle\Java\javapath;C:\Program Files (x86)\Intel\Intel(R) Management Engine Components\iCLS\;C:\Program Files\Intel\Intel(R) Management Engine Components\iCLS\;C:\Windows\system32;C:\Windows;C:\Windows\System32\Wbem;C:\Windows\System32\WindowsPowerShell\v1.0\;C:\Program Files (x86)\NVIDIA Corporation\PhysX\Common;C:\Program Files\Intel\WiFi\bin\;C:\Program Files\Common Files\Intel\WirelessCommon\;C:\Program Files (x86)\Intel\Intel(R) Management Engine Components\DAL;C:\Program Files\Intel\Intel(R) Management Engine Components\DAL;C:\Program Files (x86)\Intel\Intel(R) Management Engine Components\IPT;C:\Program Files\Intel\Intel(R) Management Engine Components\IPT;C:\WINDOWS\system32;C:\WINDOWS;C:\WINDOWS\System32\Wbem;C:\WINDOWS\System32\WindowsPowerShell\v1.0\;C:\WINDOWS\System32\OpenSSH\;C:\Program Files\NVIDIA Corporation\NVIDIA NvDLISR;C:\WINDOWS\system32;C:\WINDOWS;C:\WINDOWS\System32\Wbem;C:\WINDOWS\System32\WindowsPowerShell\v1.0\;C:\WINDOWS\System32\OpenSSH\;C:\Program Files\Git\cmd;C:\Users\Media\AppData\Local\Programs\AdoptOpenJDK\bin;C:\Users\Media\AppData\Local\Microsoft\WindowsApps;C:\Users\Media\AppData\Local\Programs\Microsoft VS Code\bin;;."/>
    <property name="java.vm.info" value="mixed mode, sharing"/>
    <property name="java.vendor" value="Oracle Corporation"/>
    <property name="java.vm.version" value="16+36-2231"/>
    <property name="sun.io.unicode.encoding" value="UnicodeLittle"/>
    <property name="java.class.version" value="60.0"/>
  </properties>
  <testcase name="isInside_position_when_col_is_too_big" classname="g55870.luckynumbers.model.GameTest" time="0.093"/>
  <testcase name="faceUpTileCount_when_boardcell_is_occupied" classname="g55870.luckynumbers.model.GameTest" time="0"/>
  <testcase name="startTest_when_game_in_progress_ISE" classname="g55870.luckynumbers.model.GameTest" time="0.007"/>
  <testcase name="getBoardSize_false_when_diff_value_than_method" classname="g55870.luckynumbers.model.GameTest" time="0.011"/>
  <testcase name="startTest_playerCount_too_big_Exception" classname="g55870.luckynumbers.model.GameTest" time="0.003"/>
  <testcase name="getPickedTile" classname="g55870.luckynumbers.model.GameTest" time="0.002"/>
  <testcase name="startTest_state_changed_to_PICK_TILE" classname="g55870.luckynumbers.model.GameTest" time="0.008"/>
  <testcase name="dropTile_1_tile_isUp" classname="g55870.luckynumbers.model.GameTest" time="0.001"/>
  <testcase name="isInside_position_when_col_is_too_small" classname="g55870.luckynumbers.model.GameTest" time="0.002"/>
  <testcase name="canTileBePut_false_when_same_value_up" classname="g55870.luckynumbers.model.GameTest" time="0.002"/>
  <testcase name="canTileBePut_false_when_smaller_value_right" classname="g55870.luckynumbers.model.GameTest" time="0.001"/>
  <testcase name="pickFaceDownTile_Exception" classname="g55870.luckynumbers.model.GameTest" time="0.002"/>
  <testcase name="canTileBePut_false_when_same_value_right" classname="g55870.luckynumbers.model.GameTest" time="0.002"/>
  <testcase name="dropTile_when_no_dropTile" classname="g55870.luckynumbers.model.GameTest" time="0.002"/>
  <testcase name="startTest_playerCount_too_small_Exception" classname="g55870.luckynumbers.model.GameTest" time="0.002"/>
  <testcase name="isInside_true_when_second_col" classname="g55870.luckynumbers.model.GameTest" time="0.004"/>
  <testcase name="startTest_playerCount_minimum_accepted" classname="g55870.luckynumbers.model.GameTest" time="0.001"/>
  <testcase name="startTest_playerCount_maximum_accepted" classname="g55870.luckynumbers.model.GameTest" time="0.001"/>
  <testcase name="isInside_true_if_row_is_too_big" classname="g55870.luckynumbers.model.GameTest" time="0.002"/>
  <testcase name="getTile" classname="g55870.luckynumbers.model.GameTest" time="0.001"/>
  <testcase name="startTest_when_game_not_startTested_ok" classname="g55870.luckynumbers.model.GameTest" time="0.001"/>
  <testcase name="faceDownTileCount_when_playercount_is_4_with_diagonal_already_puted_randomly" classname="g55870.luckynumbers.model.GameTest" time="0.001"/>
  <testcase name="isInside_true_when_last_col" classname="g55870.luckynumbers.model.GameTest" time="0.001"/>
  <testcase name="isInside_true_when_last_row" classname="g55870.luckynumbers.model.GameTest" time="0.001"/>
  <testcase name="dropTile_when_all_tiles_are_faceup" classname="g55870.luckynumbers.model.GameTest" time="0.001"/>
  <testcase name="getCurrentPlayer_if_first_Player_played" classname="g55870.luckynumbers.model.GameTest" time="0.001"/>
  <testcase name="getBoardSize_true_when_same_value_than_method" classname="g55870.luckynumbers.model.GameTest" time="0.001"/>
  <testcase name="dropTile_Exception" classname="g55870.luckynumbers.model.GameTest" time="0.002"/>
  <testcase name="canTileBePut_false_when_same_value_at_left" classname="g55870.luckynumbers.model.GameTest" time="0.001"/>
  <testcase name="startTest_when_game_over_ok" classname="g55870.luckynumbers.model.GameTest" time="0.001"/>
  <testcase name="canTileBePut_false_when_same_value_down" classname="g55870.luckynumbers.model.GameTest" time="0.001"/>
  <testcase name="pickFaceUpTile_when_tile_doesnt_exist_Exception" classname="g55870.luckynumbers.model.GameTest" time="0.002"/>
  <testcase name="getCurrentPlayer_if_last_Player_played" classname="g55870.luckynumbers.model.GameTest" time="0.001"/>
  <testcase name="canTileBePut_false_when_bigger_value_left" classname="g55870.luckynumbers.model.GameTest" time="0.001"/>
  <testcase name="faceDownTileCount_when_playercount_is_2_with_diagonal_already_puted_randomly" classname="g55870.luckynumbers.model.GameTest" time="0.001"/>
  <testcase name="startTest_current_player_is_player_0" classname="g55870.luckynumbers.model.GameTest" time="0.001"/>
  <testcase name="faceDownTileCount_when_playercount_is_2" classname="g55870.luckynumbers.model.GameTest" time="0.002"/>
  <testcase name="faceDownTileCount_when_playercount_is_4" classname="g55870.luckynumbers.model.GameTest" time="0.001"/>
  <testcase name="pickFaceDownTile" classname="g55870.luckynumbers.model.GameTest" time="0.001"/>
  <testcase name="canTileBePut_false_when_smaller_value_down" classname="g55870.luckynumbers.model.GameTest" time="0.001"/>
  <testcase name="canTileBePut_true_when_empty_spots" classname="g55870.luckynumbers.model.GameTest" time="0.002"/>
  <testcase name="startTest_playerCount_initialized" classname="g55870.luckynumbers.model.GameTest" time="0.002"/>
  <testcase name="isInside_true_when_first_row" classname="g55870.luckynumbers.model.GameTest" time="0.001"/>
</testsuite>